0 info it worked if it ends with ok
1 verbose cli [ '/usr/bin/nodejs', '/usr/bin/npm', 'publish' ]
2 info using npm@3.9.5
3 info using node@v6.2.2
4 verbose publish [ '.' ]
5 silly cache add args [ '.', null ]
6 verbose cache add spec .
7 silly cache add parsed spec Result {
7 silly cache add   raw: '.',
7 silly cache add   scope: null,
7 silly cache add   name: null,
7 silly cache add   rawSpec: '.',
7 silly cache add   spec: '/home/assis/gits/Cupcoffe Project/cupcoffee',
7 silly cache add   type: 'directory' }
8 verbose addLocalDirectory /home/assis/.npm/cupcoffee/0.5.5/package.tgz not in flight; packing
9 verbose correctMkdir /home/assis/.npm correctMkdir not in flight; initializing
10 info lifecycle cupcoffee@0.5.5~prepublish: cupcoffee@0.5.5
11 silly lifecycle cupcoffee@0.5.5~prepublish: no script for prepublish, continuing
12 verbose tar pack [ '/home/assis/.npm/cupcoffee/0.5.5/package.tgz',
12 verbose tar pack   '/home/assis/gits/Cupcoffe Project/cupcoffee' ]
13 verbose tarball /home/assis/.npm/cupcoffee/0.5.5/package.tgz
14 verbose folder /home/assis/gits/Cupcoffe Project/cupcoffee
15 verbose addLocalTarball adding from inside cache /home/assis/.npm/cupcoffee/0.5.5/package.tgz
16 verbose correctMkdir /home/assis/.npm correctMkdir not in flight; initializing
17 silly cache afterAdd cupcoffee@0.5.5
18 verbose afterAdd /home/assis/.npm/cupcoffee/0.5.5/package/package.json not in flight; writing
19 verbose correctMkdir /home/assis/.npm correctMkdir not in flight; initializing
20 verbose afterAdd /home/assis/.npm/cupcoffee/0.5.5/package/package.json written
21 silly publish { name: 'cupcoffee',
21 silly publish   version: '0.5.5',
21 silly publish   description: 'Micro MVC framework for Node.js',
21 silly publish   main: 'index.js',
21 silly publish   scripts: { test: 'echo "Error: no test specified" && exit 1' },
21 silly publish   repository:
21 silly publish    { type: 'git',
21 silly publish      url: 'git+https://github.com/cupcoffeejs/cupcoffee.git' },
21 silly publish   keywords: [ 'mvc', 'framework', 'controller', 'modal', 'view' ],
21 silly publish   author:
21 silly publish    { name: 'Philippe Assis',
21 silly publish      email: 'assis@sophiware.com',
21 silly publish      url: 'sophiware.com' },
21 silly publish   license: 'ISC',
21 silly publish   dependencies:
21 silly publish    { 'body-parser': '^1.15.2',
21 silly publish      express: '^4.13.4',
21 silly publish      'express-fileupload': '0.0.5',
21 silly publish      'express-vhost': '^0.2.0',
21 silly publish      'fs-exists-sync': '^0.1.0',
21 silly publish      'laravel-elixir': '^6.0.0-4',
21 silly publish      log: '^1.4.0',
21 silly publish      'object-count': '0.0.1',
21 silly publish      pug: '^2.0.0-beta3',
21 silly publish      replaceall: '^0.1.6',
21 silly publish      sequelize: '^3.23.3',
21 silly publish      validator: '^5.4.0',
21 silly publish      vhost: '^3.0.2' },
21 silly publish   gitHead: '2c73a294cb4bb6d3caeeebbb74c1f2889e47645b',
21 silly publish   bugs: { url: 'https://github.com/cupcoffeejs/cupcoffee/issues' },
21 silly publish   readme: 'ERROR: No README data found!',
21 silly publish   homepage: 'https://github.com/cupcoffeejs/cupcoffee#readme',
21 silly publish   _id: 'cupcoffee@0.5.5',
21 silly publish   _shasum: '388fd309fda86a45ed747638ca47c006f7e686cd',
21 silly publish   _from: '.' }
22 verbose getPublishConfig undefined
23 silly mapToRegistry name cupcoffee
24 silly mapToRegistry using default registry
25 silly mapToRegistry registry https://registry.npmjs.org/
26 silly mapToRegistry data Result {
26 silly mapToRegistry   raw: 'cupcoffee',
26 silly mapToRegistry   scope: null,
26 silly mapToRegistry   name: 'cupcoffee',
26 silly mapToRegistry   rawSpec: '',
26 silly mapToRegistry   spec: 'latest',
26 silly mapToRegistry   type: 'tag' }
27 silly mapToRegistry uri https://registry.npmjs.org/cupcoffee
28 verbose publish registryBase https://registry.npmjs.org/
29 silly publish uploading /home/assis/.npm/cupcoffee/0.5.5/package.tgz
30 verbose request uri https://registry.npmjs.org/cupcoffee
31 verbose request sending authorization for write operation
32 info attempt registry request try #1 at 12:03:18
33 verbose request using bearer token for auth
34 verbose request id e49b4199ed53b58e
35 http request PUT https://registry.npmjs.org/cupcoffee
36 http 403 https://registry.npmjs.org/cupcoffee
37 verbose headers { 'content-type': 'application/json',
37 verbose headers   'cache-control': 'max-age=300',
37 verbose headers   'content-length': '95',
37 verbose headers   'accept-ranges': 'bytes',
37 verbose headers   date: 'Tue, 05 Jul 2016 15:03:20 GMT',
37 verbose headers   via: '1.1 varnish',
37 verbose headers   connection: 'keep-alive',
37 verbose headers   'x-served-by': 'cache-iad2139-IAD',
37 verbose headers   'x-cache': 'MISS',
37 verbose headers   'x-cache-hits': '0',
37 verbose headers   'x-timer': 'S1467730999.624227,VS0,VE719',
37 verbose headers   vary: 'Accept-Encoding' }
38 verbose request invalidating /home/assis/.npm/registry.npmjs.org/cupcoffee on PUT
39 error publish Failed PUT 403
40 verbose stack Error: "You cannot publish over the previously published version 0.5.5." : cupcoffee
40 verbose stack     at makeError (/usr/lib/node_modules/npm/node_modules/npm-registry-client/lib/request.js:264:12)
40 verbose stack     at CachingRegistryClient.<anonymous> (/usr/lib/node_modules/npm/node_modules/npm-registry-client/lib/request.js:252:14)
40 verbose stack     at Request._callback (/usr/lib/node_modules/npm/node_modules/npm-registry-client/lib/request.js:172:14)
40 verbose stack     at Request.self.callback (/usr/lib/node_modules/npm/node_modules/request/request.js:200:22)
40 verbose stack     at emitTwo (events.js:106:13)
40 verbose stack     at Request.emit (events.js:191:7)
40 verbose stack     at Request.<anonymous> (/usr/lib/node_modules/npm/node_modules/request/request.js:1067:10)
40 verbose stack     at emitOne (events.js:101:20)
40 verbose stack     at Request.emit (events.js:188:7)
40 verbose stack     at IncomingMessage.<anonymous> (/usr/lib/node_modules/npm/node_modules/request/request.js:988:12)
41 verbose statusCode 403
42 verbose pkgid cupcoffee
43 verbose cwd /home/assis/gits/Cupcoffe Project/cupcoffee
44 error Linux 4.4.0-28-generic
45 error argv "/usr/bin/nodejs" "/usr/bin/npm" "publish"
46 error node v6.2.2
47 error npm  v3.9.5
48 error code E403
49 error "You cannot publish over the previously published version 0.5.5." : cupcoffee
50 error If you need help, you may report this error at:
50 error     <https://github.com/npm/npm/issues>
51 verbose exit [ 1, true ]
